{"level":"info","message":"GET /"}
{"level":"info","message":"GET /"}
{"level":"info","message":"GET /"}
{"level":"info","message":"POST /users/signup"}
{"level":"info","message":"POST /users/login"}
{"level":"info","message":"POST /users/login"}
{"level":"info","message":"POST /books"}
{"level":"info","message":"POST /users/signup"}
{"level":"info","message":"POST /users/login"}
{"level":"info","message":"POST /users/login"}
{"level":"info","message":"POST /users/login"}
{"level":"info","message":"POST /books"}
{"level":"info","message":"POST /books"}
{"level":"info","message":"POST /users/signup"}
{"level":"info","message":"POST /users/signup"}
{"level":"info","message":"POST /users/signup"}
{"level":"info","message":"POST /users/signup"}
{"level":"info","message":"POST /users/signup"}
{"level":"info","message":"POST /users/signup"}
{"level":"info","message":"POST /users/signup"}
{"level":"info","message":"POST /users/signup"}
{"level":"info","message":"POST /users/signup"}
{"level":"info","message":"GET /books"}
{"level":"info","message":"POST /users/login"}
{"level":"info","message":"GET /books"}
{"level":"info","message":"GET /books"}
{"level":"info","message":"GET /books"}
{"level":"info","message":"POST /users/login"}
{"level":"info","message":"POST /books"}
{"level":"info","message":"GET /books"}
{"level":"info","message":"GET /books"}
{"level":"info","message":"GET /books"}
{"level":"info","message":"GET /books"}
{"level":"info","message":"GET /books"}
{"level":"info","message":"GET /books"}
{"level":"info","message":"GET /books"}
{"level":"info","message":"GET /books"}
{"level":"info","message":"POST /users/login"}
{"level":"info","message":"GET /books"}
{"level":"info","message":"GET /books"}
{"level":"info","message":"GET /books"}
{"level":"info","message":"GET /books"}
{"level":"info","message":"POST /users/login"}
{"level":"info","message":"GET /books"}
{"level":"info","message":"POST /users/login"}
{"level":"info","message":"POST /users/signup"}
{"level":"info","message":"POST /users/login"}
{"level":"info","message":"GET /books"}
{"level":"info","message":"GET /books"}
{"level":"info","message":"GET /books"}
{"level":"info","message":"POST /users/login"}
{"level":"info","message":"POST /books"}
{"level":"info","message":"POST /books"}
{"level":"info","message":"POST /books"}
{"level":"info","message":"POST /users/signup"}
{"level":"info","message":"POST /users/login"}
{"level":"info","message":"POST /books"}
{"level":"info","message":"POST /books"}
{"level":"info","message":"POST /users/login"}
{"level":"info","message":"POST /books"}
{"level":"info","message":"POST /books"}
{"level":"info","message":"GET /books"}
{"level":"info","message":"GET /books"}
{"level":"info","message":"POST /users/login"}
{"level":"info","message":"GET /books"}
{"level":"info","message":"GET /books"}
{"level":"info","message":"GET /books"}
{"level":"info","message":"GET /books"}
{"level":"info","message":"GET /books"}
{"level":"info","message":"GET /books"}
{"level":"info","message":"GET /books"}
{"level":"info","message":"GET /books"}
{"level":"info","message":"GET /books"}
{"level":"info","message":"GET /books"}
{"level":"info","message":"POST /users/login"}
{"level":"info","message":"GET /books"}
{"level":"info","message":"GET /books"}
{"level":"info","message":"GET /books"}
{"level":"info","message":"GET /books"}
{"level":"info","message":"GET /books"}
{"level":"info","message":"GET /books"}
{"level":"info","message":"GET /books"}
{"level":"info","message":"GET /books"}
{"level":"info","message":"GET /books"}
{"level":"info","message":"POST /users/login"}
{"level":"info","message":"GET /books"}
{"level":"info","message":"GET /books"}
{"level":"info","message":"GET /books"}
{"level":"info","message":"GET /books"}
{"level":"info","message":"GET /books"}
{"level":"info","message":"POST /users/login"}
{"level":"info","message":"POST /users/login"}
{"level":"info","message":"POST /users/login"}
{"level":"info","message":"POST /books"}
{"level":"info","message":"POST /books"}
{"level":"info","message":"POST /books"}
{"level":"info","message":"POST /books"}
{"level":"info","message":"POST /books"}
{"level":"info","message":"GET /books"}
{"level":"info","message":"GET /books"}
{"level":"info","message":"GET /books"}
{"level":"info","message":"GET /books"}
{"level":"info","message":"POST /users/signup"}
{"level":"info","message":"POST /users/login"}
{"level":"info","message":"POST /users/signup"}
{"level":"info","message":"POST /users/login"}
{"level":"info","message":"POST /books"}
{"level":"info","message":"POST /books"}
{"level":"info","message":"POST /users/signup"}
{"level":"info","message":"GET /books"}
{"level":"info","message":"GET /books"}
{"level":"info","message":"POST /users/signup"}
{"level":"info","message":"POST /users/login"}
{"level":"info","message":"GET /books"}
{"level":"info","message":"POST /users/login"}
{"level":"info","message":"GET /books"}
{"level":"info","message":"GET /books"}
{"level":"info","message":"GET /books"}
{"level":"info","message":"POST /users/login"}
{"level":"info","message":"GET /books"}
{"level":"info","message":"GET /books"}
{"level":"info","message":"GET /books"}
